<?xml version="1.0" encoding="UTF-8"?>
<!-- Generated by org.testng.reporters.JUnitReportReporter -->
<testsuite hostname="LTIN513361" failures="0" tests="4" name="com.urbanladder.runner.UrbanTestRunner" time="112.526" errors="0" timestamp="2024-06-14T12:17:00 IST" skipped="0">
  <testcase classname="com.urbanladder.runner.UrbanTestRunner" name="runScenario" time="37.360"/>
  <testcase classname="com.urbanladder.runner.UrbanTestRunner" name="runScenario" time="22.702"/>
  <testcase classname="com.urbanladder.runner.UrbanTestRunner" name="runScenario" time="23.864"/>
  <testcase classname="com.urbanladder.runner.UrbanTestRunner" name="runScenario" time="28.600"/>
</testsuite> <!-- com.urbanladder.runner.UrbanTestRunner -->
